✅ Database seeded successfully
🎮 beBetter Backend starting on http://localhost:5000
 * Serving Flask app 'app'
 * Debug mode: on
[31m[1mWARNING: This is a development server. Do not use it in a production deployment. Use a production WSGI server instead.[0m
 * Running on all addresses (0.0.0.0)
 * Running on http://127.0.0.1:5000
 * Running on http://172.18.0.2:5000
[33mPress CTRL+C to quit[0m
 * Restarting with stat
 * Debugger is active!
 * Debugger PIN: 536-035-955
127.0.0.1 - - [22/Mar/2026 17:02:00] "GET /api/player HTTP/1.1" 200 -
 * Detected change in '/data/.openclaw/workspace/bebetter/backend/models.py', reloading
✅ Database seeded successfully
🎮 beBetter Backend starting on http://localhost:5000
 * Restarting with stat
 * Debugger is active!
 * Debugger PIN: 536-035-955
 * Detected change in '/data/.openclaw/workspace/bebetter/backend/auth_middleware.py', reloading
✅ Database seeded successfully
🎮 beBetter Backend starting on http://localhost:5000
 * Restarting with stat
 * Debugger is active!
 * Debugger PIN: 536-035-955
 * Detected change in '/data/.openclaw/workspace/bebetter/backend/routes/auth.py', reloading
✅ Database seeded successfully
🎮 beBetter Backend starting on http://localhost:5000
 * Restarting with stat
 * Debugger is active!
 * Debugger PIN: 536-035-955
 * Detected change in '/data/.openclaw/workspace/bebetter/backend/app.py', reloading
✅ Database seeded successfully
🎮 beBetter Backend starting on http://localhost:5000
 * Restarting with stat
Traceback (most recent call last):
  File "/data/.openclaw/workspace/bebetter/backend/app.py", line 10, in <module>
    from routes.auth import auth_bp
  File "/data/.openclaw/workspace/bebetter/backend/routes/auth.py", line 3, in <module>
    import jwt
ModuleNotFoundError: No module named 'jwt'
